# JRE version: OpenJDK Runtime Environment (19.0.2+7) (build 19.0.2+7-44)
# Java VM: OpenJDK 64-Bit Server VM (19.0.2+7-44, mixed mode, sharing, tiered, compressed oops, compressed class ptrs, g1 gc, windows-amd64)
GC Precious Log:
 CardTable entry size: 512
 Card Set container configuration: InlinePtr #cards 5 size 8 Array Of Cards #cards 12 size 40 Howl #buckets 4 coarsen threshold 1843 Howl Bitmap #cards 512 size 80 coarsen threshold 460 Card regions per heap region 1 cards per card region 2048
 CPUs: 4 total, 4 available
 Memory: 3990M
 Large Page Support: Disabled
 NUMA Support: Disabled
 Compressed Oops: Enabled (32-bit)
 Heap Region Size: 1M
 Heap Min Capacity: 8M
 Heap Initial Capacity: 64M
 Heap Max Capacity: 998M
 Pre-touch: Disabled
 Parallel Workers: 4
 Concurrent Workers: 1
 Concurrent Refinement Workers: 4
 Periodic GC: Disabled
Heap:
 garbage-first heap   total 271360K, used 111782K [0x00000000c1a00000, 0x0000000100000000)
  region size 1024K, 65 young (66560K), 2 survivors (2048K)
 Metaspace       used 70210K, committed 70784K, reserved 1114112K
  class space    used 8395K, committed 8640K, reserved 1048576K
GC Heap History (20 events):
Event: 380.414 GC heap before
{Heap before GC invocations=30 (full 0):
 garbage-first heap   total 271360K, used 191122K [0x00000000c1a00000, 0x0000000100000000)
  region size 1024K, 143 young (146432K), 1 survivors (1024K)
 Metaspace       used 69542K, committed 70080K, reserved 1114112K
  class space    used 8371K, committed 8640K, reserved 1048576K
}
Event: 380.419 GC heap after
{Heap after GC invocations=31 (full 0):
 garbage-first heap   total 271360K, used 46935K [0x00000000c1a00000, 0x0000000100000000)
  region size 1024K, 1 young (1024K), 1 survivors (1024K)
 Metaspace       used 69542K, committed 70080K, reserved 1114112K
  class space    used 8371K, committed 8640K, reserved 1048576K
}
Event: 573.400 GC heap before
{Heap before GC invocations=31 (full 0):
 garbage-first heap   total 271360K, used 208727K [0x00000000c1a00000, 0x0000000100000000)
  region size 1024K, 159 young (162816K), 1 survivors (1024K)
 Metaspace       used 69776K, committed 70336K, reserved 1114112K
  class space    used 8372K, committed 8640K, reserved 1048576K
}
Event: 573.412 GC heap after
{Heap after GC invocations=32 (full 0):
 garbage-first heap   total 271360K, used 47058K [0x00000000c1a00000, 0x0000000100000000)
  region size 1024K, 1 young (1024K), 1 survivors (1024K)
 Metaspace       used 69776K, committed 70336K, reserved 1114112K
  class space    used 8372K, committed 8640K, reserved 1048576K
}
Event: 972.033 GC heap before
{Heap before GC invocations=32 (full 0):
 garbage-first heap   total 271360K, used 208850K [0x00000000c1a00000, 0x0000000100000000)
  region size 1024K, 159 young (162816K), 1 survivors (1024K)
 Metaspace       used 69806K, committed 70400K, reserved 1114112K
  class space    used 8374K, committed 8640K, reserved 1048576K
}
Event: 972.147 GC heap after
{Heap after GC invocations=33 (full 0):
 garbage-first heap   total 271360K, used 47162K [0x00000000c1a00000, 0x0000000100000000)
  region size 1024K, 1 young (1024K), 1 survivors (1024K)
 Metaspace       used 69806K, committed 70400K, reserved 1114112K
  class space    used 8374K, committed 8640K, reserved 1048576K
}
Event: 1097.266 GC heap before
{Heap before GC invocations=33 (full 0):
 garbage-first heap   total 271360K, used 208954K [0x00000000c1a00000, 0x0000000100000000)
  region size 1024K, 159 young (162816K), 1 survivors (1024K)
 Metaspace       used 69838K, committed 70400K, reserved 1114112K
  class space    used 8377K, committed 8640K, reserved 1048576K
}
Event: 1097.350 GC heap after
{Heap after GC invocations=34 (full 0):
 garbage-first heap   total 271360K, used 47168K [0x00000000c1a00000, 0x0000000100000000)
  region size 1024K, 1 young (1024K), 1 survivors (1024K)
 Metaspace       used 69838K, committed 70400K, reserved 1114112K
  class space    used 8377K, committed 8640K, reserved 1048576K
}
Event: 1253.479 GC heap before
{Heap before GC invocations=34 (full 0):
 garbage-first heap   total 271360K, used 208960K [0x00000000c1a00000, 0x0000000100000000)
  region size 1024K, 159 young (162816K), 1 survivors (1024K)
 Metaspace       used 69842K, committed 70400K, reserved 1114112K
  class space    used 8378K, committed 8640K, reserved 1048576K
}
Event: 1253.498 GC heap after
{Heap after GC invocations=35 (full 0):
 garbage-first heap   total 271360K, used 47225K [0x00000000c1a00000, 0x0000000100000000)
  region size 1024K, 1 young (1024K), 1 survivors (1024K)
 Metaspace       used 69842K, committed 70400K, reserved 1114112K
  class space    used 8378K, committed 8640K, reserved 1048576K
}
Event: 1580.391 GC heap before
{Heap before GC invocations=35 (full 0):
 garbage-first heap   total 271360K, used 209017K [0x00000000c1a00000, 0x0000000100000000)
  region size 1024K, 159 young (162816K), 1 survivors (1024K)
 Metaspace       used 69852K, committed 70400K, reserved 1114112K
  class space    used 8380K, committed 8640K, reserved 1048576K
}
Event: 1580.446 GC heap after
{Heap after GC invocations=36 (full 0):
 garbage-first heap   total 271360K, used 47212K [0x00000000c1a00000, 0x0000000100000000)
  region size 1024K, 1 young (1024K), 1 survivors (1024K)
 Metaspace       used 69852K, committed 70400K, reserved 1114112K
  class space    used 8380K, committed 8640K, reserved 1048576K
}
Event: 2047.127 GC heap before
{Heap before GC invocations=36 (full 0):
 garbage-first heap   total 271360K, used 209004K [0x00000000c1a00000, 0x0000000100000000)
  region size 1024K, 159 young (162816K), 1 survivors (1024K)
 Metaspace       used 70164K, committed 70720K, reserved 1114112K
  class space    used 8395K, committed 8640K, reserved 1048576K
}
Event: 2047.180 GC heap after
{Heap after GC invocations=37 (full 0):
 garbage-first heap   total 271360K, used 48065K [0x00000000c1a00000, 0x0000000100000000)
  region size 1024K, 2 young (2048K), 2 survivors (2048K)
 Metaspace       used 70164K, committed 70720K, reserved 1114112K
  class space    used 8395K, committed 8640K, reserved 1048576K
}
Event: 2052.280 GC heap before
{Heap before GC invocations=37 (full 0):
 garbage-first heap   total 271360K, used 208833K [0x00000000c1a00000, 0x0000000100000000)
  region size 1024K, 159 young (162816K), 2 survivors (2048K)
 Metaspace       used 70207K, committed 70720K, reserved 1114112K
  class space    used 8395K, committed 8640K, reserved 1048576K
}
Event: 2052.290 GC heap after
{Heap after GC invocations=38 (full 0):
 garbage-first heap   total 271360K, used 48163K [0x00000000c1a00000, 0x0000000100000000)
  region size 1024K, 2 young (2048K), 2 survivors (2048K)
 Metaspace       used 70207K, committed 70720K, reserved 1114112K
  class space    used 8395K, committed 8640K, reserved 1048576K
}
Event: 2057.916 GC heap before
{Heap before GC invocations=38 (full 0):
 garbage-first heap   total 271360K, used 208931K [0x00000000c1a00000, 0x0000000100000000)
  region size 1024K, 159 young (162816K), 2 survivors (2048K)
 Metaspace       used 70207K, committed 70720K, reserved 1114112K
  class space    used 8395K, committed 8640K, reserved 1048576K
}
Event: 2057.922 GC heap after
{Heap after GC invocations=39 (full 0):
 garbage-first heap   total 271360K, used 48179K [0x00000000c1a00000, 0x0000000100000000)
  region size 1024K, 2 young (2048K), 2 survivors (2048K)
 Metaspace       used 70207K, committed 70720K, reserved 1114112K
  class space    used 8395K, committed 8640K, reserved 1048576K
}
Event: 2064.790 GC heap before
{Heap before GC invocations=39 (full 0):
 garbage-first heap   total 271360K, used 208947K [0x00000000c1a00000, 0x0000000100000000)
  region size 1024K, 159 young (162816K), 2 survivors (2048K)
 Metaspace       used 70208K, committed 70720K, reserved 1114112K
  class space    used 8395K, committed 8640K, reserved 1048576K
}
Event: 2064.795 GC heap after
{Heap after GC invocations=40 (full 0):
 garbage-first heap   total 271360K, used 48294K [0x00000000c1a00000, 0x0000000100000000)
  region size 1024K, 2 young (2048K), 2 survivors (2048K)
 Metaspace       used 70208K, committed 70720K, reserved 1114112K
  class space    used 8395K, committed 8640K, reserved 1048576K
}

