# JRE version: OpenJDK Runtime Environment (19.0.2+7) (build 19.0.2+7-44)
# Java VM: OpenJDK 64-Bit Server VM (19.0.2+7-44, mixed mode, sharing, tiered, compressed oops, compressed class ptrs, g1 gc, windows-amd64)
GC Precious Log:
 CardTable entry size: 512
 Card Set container configuration: InlinePtr #cards 5 size 8 Array Of Cards #cards 12 size 40 Howl #buckets 4 coarsen threshold 1843 Howl Bitmap #cards 512 size 80 coarsen threshold 460 Card regions per heap region 1 cards per card region 2048
 CPUs: 4 total, 4 available
 Memory: 3990M
 Large Page Support: Disabled
 NUMA Support: Disabled
 Compressed Oops: Enabled (32-bit)
 Heap Region Size: 1M
 Heap Min Capacity: 8M
 Heap Initial Capacity: 64M
 Heap Max Capacity: 998M
 Pre-touch: Disabled
 Parallel Workers: 4
 Concurrent Workers: 1
 Concurrent Refinement Workers: 4
 Periodic GC: Disabled
Heap:
 garbage-first heap   total 122880K, used 92794K [0x00000000c1a00000, 0x0000000100000000)
  region size 1024K, 62 young (63488K), 1 survivors (1024K)
 Metaspace       used 69894K, committed 70400K, reserved 1114112K
  class space    used 8313K, committed 8640K, reserved 1048576K
GC Heap History (20 events):
Event: 1630.131 GC heap before
{Heap before GC invocations=95 (full 0):
 garbage-first heap   total 119808K, used 102198K [0x00000000c1a00000, 0x0000000100000000)
  region size 1024K, 70 young (71680K), 1 survivors (1024K)
 Metaspace       used 69852K, committed 70400K, reserved 1114112K
  class space    used 8313K, committed 8640K, reserved 1048576K
}
Event: 1630.133 GC heap after
{Heap after GC invocations=96 (full 0):
 garbage-first heap   total 119808K, used 31592K [0x00000000c1a00000, 0x0000000100000000)
  region size 1024K, 1 young (1024K), 1 survivors (1024K)
 Metaspace       used 69852K, committed 70400K, reserved 1114112K
  class space    used 8313K, committed 8640K, reserved 1048576K
}
Event: 1631.808 GC heap before
{Heap before GC invocations=97 (full 0):
 garbage-first heap   total 119808K, used 102248K [0x00000000c1a00000, 0x0000000100000000)
  region size 1024K, 70 young (71680K), 1 survivors (1024K)
 Metaspace       used 69852K, committed 70400K, reserved 1114112K
  class space    used 8313K, committed 8640K, reserved 1048576K
}
Event: 1631.809 GC heap after
{Heap after GC invocations=98 (full 0):
 garbage-first heap   total 119808K, used 31597K [0x00000000c1a00000, 0x0000000100000000)
  region size 1024K, 1 young (1024K), 1 survivors (1024K)
 Metaspace       used 69852K, committed 70400K, reserved 1114112K
  class space    used 8313K, committed 8640K, reserved 1048576K
}
Event: 1631.866 GC heap before
{Heap before GC invocations=98 (full 0):
 garbage-first heap   total 119808K, used 35693K [0x00000000c1a00000, 0x0000000100000000)
  region size 1024K, 5 young (5120K), 1 survivors (1024K)
 Metaspace       used 69852K, committed 70400K, reserved 1114112K
  class space    used 8313K, committed 8640K, reserved 1048576K
}
Event: 1631.873 GC heap after
{Heap after GC invocations=99 (full 0):
 garbage-first heap   total 119808K, used 31360K [0x00000000c1a00000, 0x0000000100000000)
  region size 1024K, 1 young (1024K), 1 survivors (1024K)
 Metaspace       used 69852K, committed 70400K, reserved 1114112K
  class space    used 8313K, committed 8640K, reserved 1048576K
}
Event: 1633.236 GC heap before
{Heap before GC invocations=99 (full 0):
 garbage-first heap   total 119808K, used 102016K [0x00000000c1a00000, 0x0000000100000000)
  region size 1024K, 70 young (71680K), 1 survivors (1024K)
 Metaspace       used 69854K, committed 70400K, reserved 1114112K
  class space    used 8313K, committed 8640K, reserved 1048576K
}
Event: 1633.239 GC heap after
{Heap after GC invocations=100 (full 0):
 garbage-first heap   total 239616K, used 31414K [0x00000000c1a00000, 0x0000000100000000)
  region size 1024K, 1 young (1024K), 1 survivors (1024K)
 Metaspace       used 69854K, committed 70400K, reserved 1114112K
  class space    used 8313K, committed 8640K, reserved 1048576K
}
Event: 1635.127 GC heap before
{Heap before GC invocations=101 (full 0):
 garbage-first heap   total 122880K, used 121526K [0x00000000c1a00000, 0x0000000100000000)
  region size 1024K, 89 young (91136K), 1 survivors (1024K)
 Metaspace       used 69872K, committed 70400K, reserved 1114112K
  class space    used 8313K, committed 8640K, reserved 1048576K
}
Event: 1635.129 GC heap after
{Heap after GC invocations=102 (full 0):
 garbage-first heap   total 124928K, used 31439K [0x00000000c1a00000, 0x0000000100000000)
  region size 1024K, 1 young (1024K), 1 survivors (1024K)
 Metaspace       used 69872K, committed 70400K, reserved 1114112K
  class space    used 8313K, committed 8640K, reserved 1048576K
}
Event: 1635.210 GC heap before
{Heap before GC invocations=102 (full 0):
 garbage-first heap   total 124928K, used 36559K [0x00000000c1a00000, 0x0000000100000000)
  region size 1024K, 6 young (6144K), 1 survivors (1024K)
 Metaspace       used 69872K, committed 70400K, reserved 1114112K
  class space    used 8313K, committed 8640K, reserved 1048576K
}
Event: 1635.213 GC heap after
{Heap after GC invocations=103 (full 0):
 garbage-first heap   total 124928K, used 31417K [0x00000000c1a00000, 0x0000000100000000)
  region size 1024K, 1 young (1024K), 1 survivors (1024K)
 Metaspace       used 69872K, committed 70400K, reserved 1114112K
  class space    used 8313K, committed 8640K, reserved 1048576K
}
Event: 1636.862 GC heap before
{Heap before GC invocations=103 (full 0):
 garbage-first heap   total 124928K, used 105145K [0x00000000c1a00000, 0x0000000100000000)
  region size 1024K, 73 young (74752K), 1 survivors (1024K)
 Metaspace       used 69873K, committed 70400K, reserved 1114112K
  class space    used 8313K, committed 8640K, reserved 1048576K
}
Event: 1636.864 GC heap after
{Heap after GC invocations=104 (full 0):
 garbage-first heap   total 124928K, used 31450K [0x00000000c1a00000, 0x0000000100000000)
  region size 1024K, 1 young (1024K), 1 survivors (1024K)
 Metaspace       used 69873K, committed 70400K, reserved 1114112K
  class space    used 8313K, committed 8640K, reserved 1048576K
}
Event: 1638.320 GC heap before
{Heap before GC invocations=105 (full 0):
 garbage-first heap   total 124928K, used 105178K [0x00000000c1a00000, 0x0000000100000000)
  region size 1024K, 73 young (74752K), 1 survivors (1024K)
 Metaspace       used 69890K, committed 70400K, reserved 1114112K
  class space    used 8313K, committed 8640K, reserved 1048576K
}
Event: 1638.322 GC heap after
{Heap after GC invocations=106 (full 0):
 garbage-first heap   total 124928K, used 31451K [0x00000000c1a00000, 0x0000000100000000)
  region size 1024K, 1 young (1024K), 1 survivors (1024K)
 Metaspace       used 69890K, committed 70400K, reserved 1114112K
  class space    used 8313K, committed 8640K, reserved 1048576K
}
Event: 1638.391 GC heap before
{Heap before GC invocations=106 (full 0):
 garbage-first heap   total 124928K, used 36571K [0x00000000c1a00000, 0x0000000100000000)
  region size 1024K, 6 young (6144K), 1 survivors (1024K)
 Metaspace       used 69890K, committed 70400K, reserved 1114112K
  class space    used 8313K, committed 8640K, reserved 1048576K
}
Event: 1638.395 GC heap after
{Heap after GC invocations=107 (full 0):
 garbage-first heap   total 124928K, used 31340K [0x00000000c1a00000, 0x0000000100000000)
  region size 1024K, 1 young (1024K), 1 survivors (1024K)
 Metaspace       used 69890K, committed 70400K, reserved 1114112K
  class space    used 8313K, committed 8640K, reserved 1048576K
}
Event: 1639.801 GC heap before
{Heap before GC invocations=107 (full 0):
 garbage-first heap   total 124928K, used 105068K [0x00000000c1a00000, 0x0000000100000000)
  region size 1024K, 73 young (74752K), 1 survivors (1024K)
 Metaspace       used 69894K, committed 70400K, reserved 1114112K
  class space    used 8313K, committed 8640K, reserved 1048576K
}
Event: 1639.803 GC heap after
{Heap after GC invocations=108 (full 0):
 garbage-first heap   total 124928K, used 31354K [0x00000000c1a00000, 0x0000000100000000)
  region size 1024K, 1 young (1024K), 1 survivors (1024K)
 Metaspace       used 69894K, committed 70400K, reserved 1114112K
  class space    used 8313K, committed 8640K, reserved 1048576K
}

